<?xml version="1.0" encoding="UTF-8"?>
<testsuites name="Appointment Confirmation" time="22" tests="1" failures="0" errors="0">
   <testsuite name="Appointment Confirmation" tests="1" failures="0" errors="0" time="22" timestamp="2019-04-09 06:56:56" hostname="kiwiqa - Ankit-PC" id="Test Suites/Appointment Confirmation">
      <properties>
         <property name="deviceName" value=""/>
         <property name="devicePlatform" value=""/>
         <property name="logFolder" value="E:\\Projects\\Web_demo\\Kat-WebAutomation\\Reports\\Appointment Confirmation\\20190409_065641"/>
         <property name="logFiles" value="E:\\Projects\\Web_demo\\Kat-WebAutomation\\Reports\\Appointment Confirmation\\20190409_065641\\execution0.log"/>
         <property name="attachments" value=""/>
         <property name="hostName" value="kiwiqa - Ankit-PC"/>
         <property name="os" value="Windows 8.1 64bit"/>
         <property name="katalonVersion" value="6.1.0.1"/>
         <property name="browser" value="Chrome 73.0.3683.86"/>
         <property name="hostAddress" value="169.254.219.22"/>
         <property name="sessionId" value="9d2cdcf20b005e3f93f6f5770cef658b"/>
         <property name="seleniumVersion" value="3.7.1"/>
         <property name="proxyInformation" value="ProxyInformation{proxyOption=NO_PROXY, proxyServerType=HTTP, password=, proxyServerAddress=, proxyServerPort=0}"/>
         <property name="platform" value="Windows 8.1"/>
      </properties>
      <testcase name="Test Cases/Book appointment" classname="Test Cases/Book appointment" status="PASSED">
         <system-out><![CDATA[2019-04-09 06:56:57 - [TEST_CASE][PASSED] - Test Cases/Book appointment: Test Cases/Book appointment

2019-04-09 06:56:58 - [TEST_STEP][PASSED] - openBrowser(""): Browser is opened with url: ''

2019-04-09 06:56:58 - [MESSAGE][INFO] - Starting 'Chrome' driver

2019-04-09 06:56:59 - [MESSAGE][INFO] - Action delay is set to 0 seconds

2019-04-09 06:57:08 - [MESSAGE][PASSED] - Browser is opened with url: ''

2019-04-09 06:57:08 - [TEST_STEP][PASSED] - navigateToUrl("https://katalon-demo-cura.herokuapp.com/"): Navigate to 'https://katalon-demo-cura.herokuapp.com/' successfully

2019-04-09 06:57:11 - [MESSAGE][PASSED] - Navigate to 'https://katalon-demo-cura.herokuapp.com/' successfully

2019-04-09 06:57:11 - [TEST_STEP][PASSED] - click(findTestObject("Object Repository/Page_CURA Healthcare Service/a_Make Appointment")): Object: 'Object Repository/Page_CURA Healthcare Service/a_Make Appointment' is clicked on

2019-04-09 06:57:12 - [MESSAGE][PASSED] - Object: 'Object Repository/Page_CURA Healthcare Service/a_Make Appointment' is clicked on

2019-04-09 06:57:12 - [TEST_STEP][PASSED] - setText(findTestObject("Object Repository/Page_CURA Healthcare Service/input_Username_username"), findTestData("Credentials").getValue(1, 1)): Text 'John Doe' is set on object 'Object Repository/Page_CURA Healthcare Service/input_Username_username'

2019-04-09 06:57:13 - [MESSAGE][PASSED] - Text 'John Doe' is set on object 'Object Repository/Page_CURA Healthcare Service/input_Username_username'

2019-04-09 06:57:13 - [TEST_STEP][PASSED] - setEncryptedText(findTestObject("Object Repository/Page_CURA Healthcare Service/input_Password_password"), findTestData("Credentials").getValue(2, 1)): Text ****** has been set on object 'Object Repository/Page_CURA Healthcare Service/input_Password_password'

2019-04-09 06:57:13 - [MESSAGE][PASSED] - Text ****** has been set on object 'Object Repository/Page_CURA Healthcare Service/input_Password_password'

2019-04-09 06:57:13 - [TEST_STEP][PASSED] - click(findTestObject("Object Repository/Page_CURA Healthcare Service/button_Login")): Object: 'Object Repository/Page_CURA Healthcare Service/button_Login' is clicked on

2019-04-09 06:57:14 - [MESSAGE][PASSED] - Object: 'Object Repository/Page_CURA Healthcare Service/button_Login' is clicked on

2019-04-09 06:57:14 - [TEST_STEP][PASSED] - selectOptionByValue(findTestObject("Page_CURA Healthcare Service/select_Healthcare Center"), "Seoul CURA Healthcare Center", true): All options with value 'Seoul CURA Healthcare Center' are selected in object 'Object Repository/Page_CURA Healthcare Service/select_Healthcare Center'  using regular expression

2019-04-09 06:57:14 - [MESSAGE][PASSED] - All options with value 'Seoul CURA Healthcare Center' are selected in object 'Object Repository/Page_CURA Healthcare Service/select_Healthcare Center'  using regular expression

2019-04-09 06:57:14 - [TEST_STEP][PASSED] - click(findTestObject("Object Repository/Page_CURA Healthcare Service/input_Apply for hospital readmission_hospital_readmission")): Object: 'Object Repository/Page_CURA Healthcare Service/input_Apply for hospital readmission_hospital_readmission' is clicked on

2019-04-09 06:57:15 - [MESSAGE][PASSED] - Object: 'Object Repository/Page_CURA Healthcare Service/input_Apply for hospital readmission_hospital_readmission' is clicked on

2019-04-09 06:57:15 - [TEST_STEP][PASSED] - click(findTestObject("Object Repository/Page_CURA Healthcare Service/input_Medicaid_programs")): Object: 'Object Repository/Page_CURA Healthcare Service/input_Medicaid_programs' is clicked on

2019-04-09 06:57:15 - [MESSAGE][PASSED] - Object: 'Object Repository/Page_CURA Healthcare Service/input_Medicaid_programs' is clicked on

2019-04-09 06:57:15 - [TEST_STEP][PASSED] - click(findTestObject("Object Repository/Page_CURA Healthcare Service/div_Visit Date (Required)_input-group-addon")): Object: 'Object Repository/Page_CURA Healthcare Service/div_Visit Date (Required)_input-group-addon' is clicked on

2019-04-09 06:57:15 - [MESSAGE][PASSED] - Object: 'Object Repository/Page_CURA Healthcare Service/div_Visit Date (Required)_input-group-addon' is clicked on

2019-04-09 06:57:15 - [TEST_STEP][PASSED] - click(findTestObject("Object Repository/Page_CURA Healthcare Service/th_")): Object: 'Object Repository/Page_CURA Healthcare Service/th_' is clicked on

2019-04-09 06:57:15 - [MESSAGE][PASSED] - Object: 'Object Repository/Page_CURA Healthcare Service/th_' is clicked on

2019-04-09 06:57:15 - [TEST_STEP][PASSED] - day = com.appointment.Common.getTodaysDay(): com.appointment.Common.getTodaysDay is PASSED

2019-04-09 06:57:16 - [MESSAGE][INFO] - Todays's Date === 9

2019-04-09 06:57:16 - [MESSAGE][PASSED] - com.appointment.Common.getTodaysDay is PASSED

2019-04-09 06:57:16 - [TEST_STEP][PASSED] - println("Todays's Date in test case === " + day): null

2019-04-09 06:57:16 - [TEST_STEP][PASSED] - click(findTestObject("Object Repository/Page_CURA Healthcare Service/td_16", ["date":com.appointment.Common.getTodaysDay()])): Object: 'Object Repository/Page_CURA Healthcare Service/td_16' is clicked on

2019-04-09 06:57:16 - [MESSAGE][INFO] - Todays's Date === 9

2019-04-09 06:57:16 - [MESSAGE][PASSED] - com.appointment.Common.getTodaysDay is PASSED

2019-04-09 06:57:16 - [MESSAGE][PASSED] - Object: 'Object Repository/Page_CURA Healthcare Service/td_16' is clicked on

2019-04-09 06:57:16 - [TEST_STEP][PASSED] - setText(findTestObject("Object Repository/Page_CURA Healthcare Service/textarea_Comment_comment"), "Comment Here"): Text 'Comment Here' is set on object 'Object Repository/Page_CURA Healthcare Service/textarea_Comment_comment'

2019-04-09 06:57:17 - [MESSAGE][PASSED] - Text 'Comment Here' is set on object 'Object Repository/Page_CURA Healthcare Service/textarea_Comment_comment'

2019-04-09 06:57:17 - [TEST_STEP][PASSED] - click(findTestObject("Object Repository/Page_CURA Healthcare Service/button_Book Appointment")): Object: 'Object Repository/Page_CURA Healthcare Service/button_Book Appointment' is clicked on

2019-04-09 06:57:17 - [MESSAGE][PASSED] - Object: 'Object Repository/Page_CURA Healthcare Service/button_Book Appointment' is clicked on

2019-04-09 06:57:17 - [TEST_STEP][PASSED] - verifyTextPresent("Appointment Confirmation", false): Text 'Appointment Confirmation' is present on page 

2019-04-09 06:57:18 - [MESSAGE][PASSED] - Text 'Appointment Confirmation' is present on page 

2019-04-09 06:57:18 - [TEST_STEP][PASSED] - closeBrowser(): Browser is closed

2019-04-09 06:57:18 - [MESSAGE][PASSED] - Browser is closed]]></system-out>
         <system-err><![CDATA[]]></system-err>
      </testcase>
      <system-out><![CDATA[2019-04-09 06:56:56 - [TEST_SUITE][PASSED] - Appointment Confirmation: Test Cases/Book appointment]]></system-out>
      <system-err><![CDATA[]]></system-err>
   </testsuite>
</testsuites>
